2021-02-28 17:54:10 INFO   file:41 - Сервер запущен!
2021-02-28 17:55:11 INFO   file:41 - Сервер запущен!
2021-02-28 17:55:20 INFO   file:41 - Сервер запущен!
2021-02-28 17:55:57 INFO   file:41 - Сервер запущен!
2021-02-28 18:02:34 INFO   file:41 - Сервер запущен!
2021-02-28 18:02:34 INFO   file:68 - Ожидание...
2021-02-28 18:02:40 INFO   file:74 - Клиент уже тут!
2021-02-28 18:02:40 INFO   file:68 - Ожидание...
2021-02-28 18:03:00 INFO   file:110 - message | Мартин: ну привет лог
2021-02-28 18:03:11 INFO   file:110 - message | Мартин: и тысячи сука лет не прошло, как мы снова базарим
2021-02-28 18:03:31 INFO   file:110 - message | Мартин: /change Кот_Мартин
2021-02-28 18:03:31 INFO   file:150 - Никнейм сменился
2021-02-28 18:16:22 INFO   file:41 - Сервер запущен!
2021-02-28 18:16:22 INFO   file:68 - Ожидание...
2021-02-28 18:16:25 INFO   file:74 - Клиент уже тут!
2021-02-28 18:16:25 INFO   file:68 - Ожидание...
2021-02-28 18:16:52 INFO   file:110 - message | Кот_Мартин: /change Борис
2021-02-28 18:16:52 INFO   file:136 - Такой никнейм уже есть
2021-02-28 18:17:08 INFO   file:110 - message | Кот_Мартин: /change Мартин
2021-02-28 18:17:09 INFO   file:150 - Никнейм сменился Мартин
2021-02-28 18:18:24 INFO   file:41 - Сервер запущен!
2021-02-28 18:18:24 INFO   file:68 - Ожидание...
2021-02-28 18:18:27 INFO   file:74 - Клиент уже тут!
2021-02-28 18:18:27 INFO   file:68 - Ожидание...
2021-02-28 18:18:28 ERROR  file:48 - Поля не должны быть пустыми
2021-02-28 18:18:47 INFO   file:74 - Клиент уже тут!
2021-02-28 18:18:47 INFO   file:68 - Ожидание...
2021-02-28 18:19:16 INFO   file:41 - Сервер запущен!
2021-02-28 18:19:16 INFO   file:68 - Ожидание...
2021-02-28 18:19:20 INFO   file:74 - Клиент уже тут!
2021-02-28 18:19:20 INFO   file:68 - Ожидание...
2021-02-28 18:19:22 ERROR  file:48 - Поля не должны быть пустыми
2021-02-28 18:19:28 ERROR  file:48 - Поля не должны быть пустыми
2021-02-28 18:23:42 INFO   file:74 - Клиент уже тут!
2021-02-28 18:23:42 INFO   file:68 - Ожидание...
2021-02-28 18:23:55 INFO   file:110 - message | Мартин: /change Мартин
2021-02-28 18:23:55 INFO   file:136 - Такой никнейм уже есть
2021-02-28 18:23:55 ERROR  file:100 - Никнейм не сменился
2021-02-28 18:24:01 INFO   file:110 - message | Мартин: /change Мартин_Кот
2021-02-28 18:24:01 INFO   file:150 - Никнейм сменился Мартин_Кот
2021-02-28 18:24:01 INFO   file:107 - Никнейм сменился
2021-02-28 18:27:43 INFO   file:41 - Сервер запущен!
2021-02-28 18:27:44 INFO   file:68 - Ожидание...
2021-02-28 18:27:48 INFO   file:74 - Клиент уже тут!
2021-02-28 18:27:48 INFO   file:68 - Ожидание...
2021-02-28 18:28:48 INFO   file:41 - Сервер запущен!
2021-02-28 18:28:48 INFO   file:68 - Ожидание...
2021-02-28 18:28:54 INFO   file:41 - Сервер запущен!
2021-02-28 18:28:54 INFO   file:68 - Ожидание...
2021-02-28 18:29:03 INFO   file:74 - Клиент уже тут!
2021-02-28 18:29:03 INFO   file:68 - Ожидание...
2021-02-28 18:32:03 INFO   file:41 - Сервер запущен!
2021-02-28 18:32:03 INFO   file:68 - Ожидание...
2021-02-28 18:32:07 INFO   file:74 - Клиент уже тут!
2021-02-28 18:32:07 INFO   file:68 - Ожидание...
2021-02-28 18:32:41 INFO   file:41 - Сервер запущен!
2021-02-28 18:32:41 INFO   file:68 - Ожидание...
2021-02-28 18:32:43 INFO   file:74 - Клиент уже тут!
2021-02-28 18:32:43 INFO   file:68 - Ожидание...
2021-02-28 18:33:15 INFO   file:41 - Сервер запущен!
2021-02-28 18:33:15 INFO   file:68 - Ожидание...
2021-02-28 18:33:18 INFO   file:74 - Клиент уже тут!
2021-02-28 18:33:18 INFO   file:68 - Ожидание...
2021-02-28 18:34:09 INFO   file:41 - Сервер запущен!
2021-02-28 18:34:09 INFO   file:68 - Ожидание...
2021-02-28 18:34:09 INFO   file:74 - Клиент уже тут!
2021-02-28 18:34:09 INFO   file:68 - Ожидание...
2021-02-28 18:34:13 INFO   file:74 - Клиент уже тут!
2021-02-28 18:34:13 INFO   file:68 - Ожидание...
2021-02-28 18:34:16 ERROR  file:90 - Ошибка авторизации
2021-02-28 18:34:16 ERROR  file:61 - !!Ошибка аутентификации
2021-02-28 18:34:21 ERROR  file:61 - !!Ошибка аутентификации
2021-02-28 18:34:21 ERROR  file:90 - Ошибка авторизации
2021-02-28 18:34:21 ERROR  file:90 - Ошибка авторизации
2021-02-28 18:34:21 ERROR  file:61 - !!Ошибка аутентификации
2021-02-28 18:34:21 ERROR  file:90 - Ошибка авторизации
2021-02-28 18:34:21 ERROR  file:61 - !!Ошибка аутентификации
2021-02-28 18:34:22 ERROR  file:90 - Ошибка авторизации
2021-02-28 18:34:22 ERROR  file:61 - !!Ошибка аутентификации
2021-02-28 18:34:22 ERROR  file:90 - Ошибка авторизации
2021-02-28 18:34:22 ERROR  file:61 - !!Ошибка аутентификации
2021-02-28 18:34:22 ERROR  file:90 - Ошибка авторизации
2021-02-28 18:34:22 ERROR  file:61 - !!Ошибка аутентификации
2021-02-28 18:34:22 ERROR  file:90 - Ошибка авторизации
2021-02-28 18:34:22 ERROR  file:61 - !!Ошибка аутентификации
